<?xml version="1.0" encoding="UTF-8"?>
<testng-results ignored="4" total="17" passed="12" failed="1" skipped="0">
  <reporter-output>
  </reporter-output>
  <suite started-at="2024-05-21T11:24:39Z" name="CrossBrowserTestSuite" finished-at="2024-05-21T11:26:03Z" duration-ms="83842">
    <groups>
    </groups>
    <test started-at="2024-05-21T11:24:39Z" name="ChromeTests" finished-at="2024-05-21T11:26:03Z" duration-ms="83842">
      <class name="com.dhruv.tests.LoginTest_003">
        <test-method is-config="true" signature="setUp(java.lang.String)[pri:0, instance:com.dhruv.tests.LoginTest_003@5395ea39]" started-at="2024-05-21T16:55:38Z" name="setUp" finished-at="2024-05-21T16:55:39Z" duration-ms="1372" status="PASS">
          <params>
            <param index="0">
              <value>
                <![CDATA[chrome]]>
              </value>
            </param>
          </params>
          <reporter-output>
          </reporter-output>
        </test-method> <!-- setUp -->
        <test-method signature="testInvalidLogin()[pri:1, instance:com.dhruv.tests.LoginTest_003@5395ea39]" started-at="2024-05-21T16:55:39Z" name="testInvalidLogin" finished-at="2024-05-21T16:55:41Z" duration-ms="2026" status="PASS">
          <reporter-output>
          </reporter-output>
        </test-method> <!-- testInvalidLogin -->
        <test-method is-config="true" signature="tearDown()[pri:0, instance:com.dhruv.tests.LoginTest_003@5395ea39]" started-at="2024-05-21T16:55:41Z" name="tearDown" finished-at="2024-05-21T16:55:41Z" duration-ms="425" status="PASS">
          <reporter-output>
          </reporter-output>
        </test-method> <!-- tearDown -->
        <test-method is-config="true" signature="setUp(java.lang.String)[pri:0, instance:com.dhruv.tests.LoginTest_003@5395ea39]" started-at="2024-05-21T16:55:45Z" name="setUp" finished-at="2024-05-21T16:55:46Z" duration-ms="1292" status="PASS">
          <params>
            <param index="0">
              <value>
                <![CDATA[chrome]]>
              </value>
            </param>
          </params>
          <reporter-output>
          </reporter-output>
        </test-method> <!-- setUp -->
        <test-method signature="forgotPasswordTest()[pri:2, instance:com.dhruv.tests.LoginTest_003@5395ea39]" started-at="2024-05-21T16:55:46Z" name="forgotPasswordTest" finished-at="2024-05-21T16:55:51Z" depends-on-methods="com.dhruv.tests.LoginTest_003.testInvalidLogin" duration-ms="4305" status="PASS">
          <reporter-output>
          </reporter-output>
        </test-method> <!-- forgotPasswordTest -->
        <test-method is-config="true" signature="tearDown()[pri:0, instance:com.dhruv.tests.LoginTest_003@5395ea39]" started-at="2024-05-21T16:55:51Z" name="tearDown" finished-at="2024-05-21T16:55:51Z" duration-ms="426" status="PASS">
          <reporter-output>
          </reporter-output>
        </test-method> <!-- tearDown -->
        <test-method signature="successfulLoginTest(java.lang.String, java.lang.String)[pri:3, instance:com.dhruv.tests.LoginTest_003@5395ea39]" started-at="2024-05-21T16:55:57Z" name="successfulLoginTest" finished-at="2024-05-21T16:55:57Z" duration-ms="0" status="FAIL">
          <exception class="org.testng.TestNGException">
            <message>
              <![CDATA[
Parameter 'username' is required by @Test on method successfulLoginTest but has not been marked @Optional or defined
in C:\Users\Administrator\eclipse-workspace\SeleniumFE_2024-Part5\FlipkartAppRegression.xml]]>
            </message>
            <full-stacktrace>
              <![CDATA[org.testng.TestNGException: 
Parameter 'username' is required by @Test on method successfulLoginTest but has not been marked @Optional or defined
in C:\Users\Administrator\eclipse-workspace\SeleniumFE_2024-Part5\FlipkartAppRegression.xml
	at org.testng.internal.Parameters.createParameters(Parameters.java:199)
	at org.testng.internal.Parameters.createParameters(Parameters.java:443)
	at org.testng.internal.Parameters.handleParameters(Parameters.java:569)
	at org.testng.internal.Invoker.handleParameters(Invoker.java:1308)
	at org.testng.internal.Invoker.createParameters(Invoker.java:1036)
	at org.testng.internal.Invoker.invokeTestMethods(Invoker.java:1126)
	at org.testng.internal.TestMethodWorker.invokeTestMethods(TestMethodWorker.java:126)
	at org.testng.internal.TestMethodWorker.run(TestMethodWorker.java:109)
	at org.testng.TestRunner.privateRun(TestRunner.java:744)
	at org.testng.TestRunner.run(TestRunner.java:602)
	at org.testng.SuiteRunner.runTest(SuiteRunner.java:380)
	at org.testng.SuiteRunner.runSequentially(SuiteRunner.java:375)
	at org.testng.SuiteRunner.privateRun(SuiteRunner.java:340)
	at org.testng.SuiteRunner.run(SuiteRunner.java:289)
	at org.testng.SuiteRunnerWorker.runSuite(SuiteRunnerWorker.java:52)
	at org.testng.SuiteRunnerWorker.run(SuiteRunnerWorker.java:86)
	at org.testng.TestNG.runSuitesSequentially(TestNG.java:1301)
	at org.testng.TestNG.runSuitesLocally(TestNG.java:1226)
	at org.testng.TestNG.runSuites(TestNG.java:1144)
	at org.testng.TestNG.run(TestNG.java:1115)
	at org.testng.remote.AbstractRemoteTestNG.run(AbstractRemoteTestNG.java:115)
	at org.testng.remote.RemoteTestNG.initAndRun(RemoteTestNG.java:293)
	at org.testng.remote.RemoteTestNG.main(RemoteTestNG.java:91)
]]>
            </full-stacktrace>
          </exception> <!-- org.testng.TestNGException -->
          <reporter-output>
          </reporter-output>
        </test-method> <!-- successfulLoginTest -->
        <test-method is-config="true" signature="setUp(java.lang.String)[pri:0, instance:com.dhruv.tests.LoginTest_003@5395ea39]" started-at="2024-05-21T16:55:59Z" name="setUp" finished-at="2024-05-21T16:56:00Z" duration-ms="1409" status="PASS">
          <params>
            <param index="0">
              <value>
                <![CDATA[chrome]]>
              </value>
            </param>
          </params>
          <reporter-output>
          </reporter-output>
        </test-method> <!-- setUp -->
        <test-method signature="validateForTheLoginBtnTextAndPracticeBtnText()[pri:4, instance:com.dhruv.tests.LoginTest_003@5395ea39]" started-at="2024-05-21T16:56:00Z" name="validateForTheLoginBtnTextAndPracticeBtnText" finished-at="2024-05-21T16:56:02Z" duration-ms="2193" status="PASS">
          <reporter-output>
          </reporter-output>
        </test-method> <!-- validateForTheLoginBtnTextAndPracticeBtnText -->
        <test-method is-config="true" signature="tearDown()[pri:0, instance:com.dhruv.tests.LoginTest_003@5395ea39]" started-at="2024-05-21T16:56:02Z" name="tearDown" finished-at="2024-05-21T16:56:03Z" duration-ms="485" status="PASS">
          <reporter-output>
          </reporter-output>
        </test-method> <!-- tearDown -->
      </class> <!-- com.dhruv.tests.LoginTest_003 -->
      <class name="com.dhruv.tests.LoginTest_002">
        <test-method is-config="true" signature="setUp(java.lang.String)[pri:0, instance:com.dhruv.tests.LoginTest_002@4fe01803]" started-at="2024-05-21T16:55:41Z" name="setUp" finished-at="2024-05-21T16:55:43Z" duration-ms="1306" status="PASS">
          <params>
            <param index="0">
              <value>
                <![CDATA[chrome]]>
              </value>
            </param>
          </params>
          <reporter-output>
          </reporter-output>
        </test-method> <!-- setUp -->
        <test-method signature="testInvalidLogin()[pri:1, instance:com.dhruv.tests.LoginTest_002@4fe01803]" started-at="2024-05-21T16:55:43Z" name="testInvalidLogin" finished-at="2024-05-21T16:55:45Z" duration-ms="1918" status="PASS">
          <reporter-output>
          </reporter-output>
        </test-method> <!-- testInvalidLogin -->
        <test-method is-config="true" signature="tearDown()[pri:0, instance:com.dhruv.tests.LoginTest_002@4fe01803]" started-at="2024-05-21T16:55:45Z" name="tearDown" finished-at="2024-05-21T16:55:45Z" duration-ms="390" status="PASS">
          <reporter-output>
          </reporter-output>
        </test-method> <!-- tearDown -->
        <test-method is-config="true" signature="setUp(java.lang.String)[pri:0, instance:com.dhruv.tests.LoginTest_002@4fe01803]" started-at="2024-05-21T16:55:51Z" name="setUp" finished-at="2024-05-21T16:55:52Z" duration-ms="1260" status="PASS">
          <params>
            <param index="0">
              <value>
                <![CDATA[chrome]]>
              </value>
            </param>
          </params>
          <reporter-output>
          </reporter-output>
        </test-method> <!-- setUp -->
        <test-method signature="forgotPasswordTest()[pri:2, instance:com.dhruv.tests.LoginTest_002@4fe01803]" started-at="2024-05-21T16:55:52Z" name="forgotPasswordTest" finished-at="2024-05-21T16:55:57Z" duration-ms="4401" status="PASS">
          <reporter-output>
          </reporter-output>
        </test-method> <!-- forgotPasswordTest -->
        <test-method is-config="true" signature="tearDown()[pri:0, instance:com.dhruv.tests.LoginTest_002@4fe01803]" started-at="2024-05-21T16:55:57Z" name="tearDown" finished-at="2024-05-21T16:55:57Z" duration-ms="444" status="PASS">
          <reporter-output>
          </reporter-output>
        </test-method> <!-- tearDown -->
      </class> <!-- com.dhruv.tests.LoginTest_002 -->
      <class name="com.dhruv.tests.FlipkartHomePageTest">
        <test-method is-config="true" signature="configureLog4j()[pri:0, instance:com.dhruv.tests.FlipkartHomePageTest@43b0ade]" started-at="2024-05-21T16:54:39Z" name="configureLog4j" finished-at="2024-05-21T16:54:39Z" duration-ms="16" status="PASS">
          <reporter-output>
          </reporter-output>
        </test-method> <!-- configureLog4j -->
        <test-method is-config="true" signature="setUp(java.lang.String)[pri:0, instance:com.dhruv.tests.FlipkartHomePageTest@43b0ade]" started-at="2024-05-21T16:54:39Z" name="setUp" finished-at="2024-05-21T16:54:42Z" duration-ms="2782" status="PASS">
          <params>
            <param index="0">
              <value>
                <![CDATA[chrome]]>
              </value>
            </param>
          </params>
          <reporter-output>
          </reporter-output>
        </test-method> <!-- setUp -->
        <test-method signature="testActionsOnFlipkart()[pri:0, instance:com.dhruv.tests.FlipkartHomePageTest@43b0ade]" started-at="2024-05-21T16:54:42Z" name="testActionsOnFlipkart" finished-at="2024-05-21T16:55:10Z" duration-ms="27700" status="PASS">
          <reporter-output>
          </reporter-output>
        </test-method> <!-- testActionsOnFlipkart -->
        <test-method is-config="true" signature="tearDown()[pri:0, instance:com.dhruv.tests.FlipkartHomePageTest@43b0ade]" started-at="2024-05-21T16:55:10Z" name="tearDown" finished-at="2024-05-21T16:55:10Z" duration-ms="901" status="PASS">
          <reporter-output>
          </reporter-output>
        </test-method> <!-- tearDown -->
      </class> <!-- com.dhruv.tests.FlipkartHomePageTest -->
      <class name="com.dhruv.tests.LoginTest_001">
        <test-method is-config="true" signature="setUp(java.lang.String)[pri:0, instance:com.dhruv.tests.LoginTest_001@1517f633]" started-at="2024-05-21T16:55:10Z" name="setUp" finished-at="2024-05-21T16:55:12Z" duration-ms="1549" status="PASS">
          <params>
            <param index="0">
              <value>
                <![CDATA[chrome]]>
              </value>
            </param>
          </params>
          <reporter-output>
          </reporter-output>
        </test-method> <!-- setUp -->
        <test-method signature="forgotPasswordTest()[pri:0, instance:com.dhruv.tests.LoginTest_001@1517f633]" started-at="2024-05-21T16:55:12Z" name="forgotPasswordTest" finished-at="2024-05-21T16:55:18Z" duration-ms="6159" status="PASS">
          <reporter-output>
          </reporter-output>
        </test-method> <!-- forgotPasswordTest -->
        <test-method is-config="true" signature="tearDown()[pri:0, instance:com.dhruv.tests.LoginTest_001@1517f633]" started-at="2024-05-21T16:55:18Z" name="tearDown" finished-at="2024-05-21T16:55:19Z" duration-ms="491" status="PASS">
          <reporter-output>
          </reporter-output>
        </test-method> <!-- tearDown -->
        <test-method is-config="true" signature="setUp(java.lang.String)[pri:0, instance:com.dhruv.tests.LoginTest_001@1517f633]" started-at="2024-05-21T16:55:19Z" name="setUp" finished-at="2024-05-21T16:55:20Z" duration-ms="1616" status="PASS">
          <params>
            <param index="0">
              <value>
                <![CDATA[chrome]]>
              </value>
            </param>
          </params>
          <reporter-output>
          </reporter-output>
        </test-method> <!-- setUp -->
        <test-method signature="testInvalidLogin()[pri:0, instance:com.dhruv.tests.LoginTest_001@1517f633]" started-at="2024-05-21T16:55:20Z" name="testInvalidLogin" finished-at="2024-05-21T16:55:22Z" duration-ms="2043" status="PASS">
          <reporter-output>
          </reporter-output>
        </test-method> <!-- testInvalidLogin -->
        <test-method is-config="true" signature="tearDown()[pri:0, instance:com.dhruv.tests.LoginTest_001@1517f633]" started-at="2024-05-21T16:55:22Z" name="tearDown" finished-at="2024-05-21T16:55:23Z" duration-ms="421" status="PASS">
          <reporter-output>
          </reporter-output>
        </test-method> <!-- tearDown -->
      </class> <!-- com.dhruv.tests.LoginTest_001 -->
      <class name="com.dhruv.tests.DropdownTest_004">
        <test-method is-config="true" signature="setUp(java.lang.String)[pri:0, instance:com.dhruv.tests.DropdownTest_004@13d186db]" started-at="2024-05-21T16:55:23Z" name="setUp" finished-at="2024-05-21T16:55:24Z" duration-ms="1366" status="PASS">
          <params>
            <param index="0">
              <value>
                <![CDATA[chrome]]>
              </value>
            </param>
          </params>
          <reporter-output>
          </reporter-output>
        </test-method> <!-- setUp -->
        <test-method signature="currencyDrodownTest()[pri:0, instance:com.dhruv.tests.DropdownTest_004@13d186db]" started-at="2024-05-21T16:55:24Z" name="currencyDrodownTest" finished-at="2024-05-21T16:55:26Z" duration-ms="1354" status="PASS">
          <reporter-output>
          </reporter-output>
        </test-method> <!-- currencyDrodownTest -->
        <test-method is-config="true" signature="tearDown()[pri:0, instance:com.dhruv.tests.DropdownTest_004@13d186db]" started-at="2024-05-21T16:55:26Z" name="tearDown" finished-at="2024-05-21T16:55:26Z" duration-ms="413" status="PASS">
          <reporter-output>
          </reporter-output>
        </test-method> <!-- tearDown -->
        <test-method is-config="true" signature="setUp(java.lang.String)[pri:0, instance:com.dhruv.tests.DropdownTest_004@13d186db]" started-at="2024-05-21T16:55:26Z" name="setUp" finished-at="2024-05-21T16:55:27Z" duration-ms="1492" status="PASS">
          <params>
            <param index="0">
              <value>
                <![CDATA[chrome]]>
              </value>
            </param>
          </params>
          <reporter-output>
          </reporter-output>
        </test-method> <!-- setUp -->
        <test-method signature="passengerDrodownTest()[pri:0, instance:com.dhruv.tests.DropdownTest_004@13d186db]" started-at="2024-05-21T16:55:27Z" name="passengerDrodownTest" finished-at="2024-05-21T16:55:29Z" duration-ms="1217" status="PASS">
          <reporter-output>
          </reporter-output>
        </test-method> <!-- passengerDrodownTest -->
        <test-method is-config="true" signature="tearDown()[pri:0, instance:com.dhruv.tests.DropdownTest_004@13d186db]" started-at="2024-05-21T16:55:29Z" name="tearDown" finished-at="2024-05-21T16:55:29Z" duration-ms="733" status="PASS">
          <reporter-output>
          </reporter-output>
        </test-method> <!-- tearDown -->
        <test-method is-config="true" signature="setUp(java.lang.String)[pri:0, instance:com.dhruv.tests.DropdownTest_004@13d186db]" started-at="2024-05-21T16:55:29Z" name="setUp" finished-at="2024-05-21T16:55:31Z" duration-ms="1379" status="PASS">
          <params>
            <param index="0">
              <value>
                <![CDATA[chrome]]>
              </value>
            </param>
          </params>
          <reporter-output>
          </reporter-output>
        </test-method> <!-- setUp -->
        <test-method signature="testAutoSuggestiveCountryDD()[pri:0, instance:com.dhruv.tests.DropdownTest_004@13d186db]" started-at="2024-05-21T16:55:31Z" name="testAutoSuggestiveCountryDD" finished-at="2024-05-21T16:55:34Z" duration-ms="2744" status="PASS">
          <reporter-output>
          </reporter-output>
        </test-method> <!-- testAutoSuggestiveCountryDD -->
        <test-method is-config="true" signature="tearDown()[pri:0, instance:com.dhruv.tests.DropdownTest_004@13d186db]" started-at="2024-05-21T16:55:34Z" name="tearDown" finished-at="2024-05-21T16:55:34Z" duration-ms="403" status="PASS">
          <reporter-output>
          </reporter-output>
        </test-method> <!-- tearDown -->
        <test-method is-config="true" signature="setUp(java.lang.String)[pri:0, instance:com.dhruv.tests.DropdownTest_004@13d186db]" started-at="2024-05-21T16:55:34Z" name="setUp" finished-at="2024-05-21T16:55:35Z" duration-ms="1417" status="PASS">
          <params>
            <param index="0">
              <value>
                <![CDATA[chrome]]>
              </value>
            </param>
          </params>
          <reporter-output>
          </reporter-output>
        </test-method> <!-- setUp -->
        <test-method signature="testDropdownSelection()[pri:0, instance:com.dhruv.tests.DropdownTest_004@13d186db]" started-at="2024-05-21T16:55:35Z" name="testDropdownSelection" finished-at="2024-05-21T16:55:37Z" duration-ms="1693" status="PASS">
          <reporter-output>
          </reporter-output>
        </test-method> <!-- testDropdownSelection -->
        <test-method is-config="true" signature="tearDown()[pri:0, instance:com.dhruv.tests.DropdownTest_004@13d186db]" started-at="2024-05-21T16:55:37Z" name="tearDown" finished-at="2024-05-21T16:55:38Z" duration-ms="439" status="PASS">
          <reporter-output>
          </reporter-output>
        </test-method> <!-- tearDown -->
      </class> <!-- com.dhruv.tests.DropdownTest_004 -->
    </test> <!-- ChromeTests -->
  </suite> <!-- CrossBrowserTestSuite -->
</testng-results>
